============================================================
  Generated by:           Genus(TM) Synthesis Solution 16.10-p006_1
  Generated on:           Nov 28 2017  01:05:00 am
  Module:                 PIF2WB
  Interconnect mode:      global
  Area mode:              physical library
============================================================

                                         Leakage  
       Gate        Instances    Area   Power (nW)     Library    
-----------------------------------------------------------------
HS65_GSS_DFPRQX18          3    35.880    533.812    CORE65GPSVT 
HS65_GSS_XNOR2X6           3    12.480    211.781    CORE65GPSVT 
HS65_GSS_XOR2X3            1     4.160     39.413    CORE65GPSVT 
HS65_GSS_XOR2X6            4    16.640    225.306    CORE65GPSVT 
HS65_GS_AND2ABX9           1     3.640     53.271    CORE65GPSVT 
HS65_GS_AND2X4             5    13.000    120.831    CORE65GPSVT 
HS65_GS_AND3ABCX9          1     4.680     55.064    CORE65GPSVT 
HS65_GS_AO212X4            2     9.360     91.168    CORE65GPSVT 
HS65_GS_AO222X4           28   160.160    997.344    CORE65GPSVT 
HS65_GS_AO22X9             4    16.640    214.230    CORE65GPSVT 
HS65_GS_AOI212X4           1     4.160     57.064    CORE65GPSVT 
HS65_GS_AOI21X2            2     5.200     27.268    CORE65GPSVT 
HS65_GS_AOI312X4           1     5.200     56.433    CORE65GPSVT 
HS65_GS_AOI32X5            1     4.160     45.129    CORE65GPSVT 
HS65_GS_BFX27              1     3.640    132.244    CORE65GPSVT 
HS65_GS_BTHX10            64   332.800   3881.615    CORE65GPSVT 
HS65_GS_DFPRQX9           37   384.800   4166.333    CORE65GPSVT 
HS65_GS_HA1X4             30   156.000   1684.911    CORE65GPSVT 
HS65_GS_IVX2               1     1.560      9.244    CORE65GPSVT 
HS65_GS_IVX7               2     3.120     41.796    CORE65GPSVT 
HS65_GS_IVX9              13    20.280    363.161    CORE65GPSVT 
HS65_GS_LDHQX9             3    20.280    226.891    CORE65GPSVT 
HS65_GS_MUX21I1X3          1     4.160     40.236    CORE65GPSVT 
HS65_GS_MUX21X4            1     4.160     50.605    CORE65GPSVT 
HS65_GS_MUXI21X2           3    10.920     78.487    CORE65GPSVT 
HS65_GS_NAND2AX4           1     3.120     48.619    CORE65GPSVT 
HS65_GS_NAND2AX7           1     3.120     42.142    CORE65GPSVT 
HS65_GS_NAND2X2            1     2.080     10.072    CORE65GPSVT 
HS65_GS_NAND2X7            4     8.320    160.901    CORE65GPSVT 
HS65_GS_NAND3X5            1     2.600     63.749    CORE65GPSVT 
HS65_GS_NAND4ABX3          2     7.280     83.235    CORE65GPSVT 
HS65_GS_NAND4ABX6          1     4.160     58.721    CORE65GPSVT 
HS65_GS_NOR2AX3            7    18.200    157.421    CORE65GPSVT 
HS65_GS_NOR2X13            1     3.640     72.763    CORE65GPSVT 
HS65_GS_NOR2X2             2     4.160     20.422    CORE65GPSVT 
HS65_GS_NOR2X6             7    14.560    185.710    CORE65GPSVT 
HS65_GS_NOR3AX2            1     3.120     21.109    CORE65GPSVT 
HS65_GS_NOR3X1             1     2.600     22.991    CORE65GPSVT 
HS65_GS_OR2X4              2     6.240     62.370    CORE65GPSVT 
HS65_GS_OR2X9              1     3.120     45.084    CORE65GPSVT 
HS65_GS_SDFPRQX9           7    87.360    875.214    CORE65GPSVT 
-----------------------------------------------------------------
total                    253  1410.760  15334.161                


                                           Leakage  Leakage 
     Type      Instances   Area   Area % Power (nW) Power % 
------------------------------------------------------------
sequential            50  528.320   37.4   5802.250    37.8 
inverter              16   24.960    1.8    414.201     2.7 
buffer                 1    3.640    0.3    132.244     0.9 
tristate              64  332.800   23.6   3881.615    25.3 
logic                122  521.040   36.9   5103.852    33.3 
physical_cells         0    0.000    0.0      0.000     0.0 
------------------------------------------------------------
total                253 1410.760  100.0  15334.161   100.0 

