============================================================
  Generated by:           Genus(TM) Synthesis Solution 16.10-p006_1
  Generated on:           Nov 28 2017  01:05:00 am
  Module:                 PIF2WB
  Interconnect mode:      global
  Area mode:              physical library
============================================================

Timing
--------

    Mode     Clock Period 
--------------------------
view_NOMINAL CLK   5200.0 


               Cost  Critical Path  Violating 
    Mode      Group      Slack        Paths   
----------------------------------------------
view_NOMINAL CLK            3488.3            
             default      No paths            

Instance Count
--------------
Leaf Instance Count             253 
Sequential Instance Count        50 
Combinational Instance Count    203 
Hierarchical Instance Count       0 

Area
----
Cell Area                          1410.760
Physical Cell Area                 0.000
Total Cell Area (Cell+Physical)    1410.760
Net Area                           712.362
Total Area (Cell+Physical+Net)     2123.122

Runtime                            0.0 seconds
Elapsed Runtime                    114 seconds
Genus peak memory usage            659.55 
Innovus peak memory usage          no_value 
Hostname                           kriti
