============================================================
  Generated by:           Genus(TM) Synthesis Solution 16.10-p006_1
  Generated on:           Nov 28 2017  01:04:59 am
  Module:                 PIF2WB
  Interconnect mode:      global
  Area mode:              physical library
============================================================


Path 1: MET (3488 ps) Setup Check with Pin Counter_Burst_Transfer_ADR_REG_reg[31]/CP->D
           View: view_NOMINAL
          Group: CLK
     Startpoint: (R) Counter_Burst_Transfer_ADR_REG_reg[2]/CP
          Clock: (R) CLK
       Endpoint: (F) Counter_Burst_Transfer_ADR_REG_reg[31]/D
          Clock: (R) CLK

                     Capture       Launch     
        Clock Edge:+    5200            0     
       Src Latency:+       0            0     
       Net Latency:+       0 (I)        0 (I) 
           Arrival:=    5200            0     
                                              
             Setup:-      60                  
     Required Time:=    5140                  
      Launch Clock:-       0                  
         Data Path:-    1652                  
             Slack:=    3488                  

#---------------------------------------------------------------------------------------------------------------
#              Timing Point                Flags    Arc   Edge      Cell        Fanout Load Trans Delay Arrival 
#                                                                                      (fF)  (ps)  (ps)   (ps)  
#---------------------------------------------------------------------------------------------------------------
  Counter_Burst_Transfer_ADR_REG_reg[2]/CP -       -      R     (arrival)           47    -     0     -       0 
  Counter_Burst_Transfer_ADR_REG_reg[2]/Q  -       CP->Q  R     HS65_GS_DFPRQX9      4 14.3    39    68      68 
  Counter_Burst_Transfer_add_69_28_g945/CO -       B0->CO R     HS65_GS_HA1X4        1  5.2    32    54     122 
  Counter_Burst_Transfer_add_69_28_g944/CO -       B0->CO R     HS65_GS_HA1X4        1  5.2    32    52     174 
  Counter_Burst_Transfer_add_69_28_g943/CO -       B0->CO R     HS65_GS_HA1X4        1  5.2    32    52     226 
  Counter_Burst_Transfer_add_69_28_g942/CO -       B0->CO R     HS65_GS_HA1X4        1  5.2    32    52     277 
  Counter_Burst_Transfer_add_69_28_g941/CO -       B0->CO R     HS65_GS_HA1X4        1  5.2    32    52     329 
  Counter_Burst_Transfer_add_69_28_g940/CO -       B0->CO R     HS65_GS_HA1X4        1  5.2    32    52     381 
  Counter_Burst_Transfer_add_69_28_g939/CO -       B0->CO R     HS65_GS_HA1X4        1  5.2    32    52     432 
  Counter_Burst_Transfer_add_69_28_g938/CO -       B0->CO R     HS65_GS_HA1X4        1  5.2    32    52     484 
  Counter_Burst_Transfer_add_69_28_g937/CO -       B0->CO R     HS65_GS_HA1X4        1  5.2    32    52     535 
  Counter_Burst_Transfer_add_69_28_g936/CO -       B0->CO R     HS65_GS_HA1X4        1  5.2    32    52     587 
  Counter_Burst_Transfer_add_69_28_g935/CO -       B0->CO R     HS65_GS_HA1X4        1  5.2    32    52     639 
  Counter_Burst_Transfer_add_69_28_g934/CO -       B0->CO R     HS65_GS_HA1X4        1  5.2    32    52     690 
  Counter_Burst_Transfer_add_69_28_g933/CO -       B0->CO R     HS65_GS_HA1X4        1  5.2    32    52     742 
  Counter_Burst_Transfer_add_69_28_g932/CO -       B0->CO R     HS65_GS_HA1X4        1  5.2    32    52     793 
  Counter_Burst_Transfer_add_69_28_g931/CO -       B0->CO R     HS65_GS_HA1X4        1  5.2    32    52     845 
  Counter_Burst_Transfer_add_69_28_g930/CO -       B0->CO R     HS65_GS_HA1X4        1  5.2    32    52     897 
  Counter_Burst_Transfer_add_69_28_g929/CO -       B0->CO R     HS65_GS_HA1X4        1  5.2    32    52     948 
  Counter_Burst_Transfer_add_69_28_g928/CO -       B0->CO R     HS65_GS_HA1X4        1  5.2    32    52    1000 
  Counter_Burst_Transfer_add_69_28_g927/CO -       B0->CO R     HS65_GS_HA1X4        1  5.2    32    52    1051 
  Counter_Burst_Transfer_add_69_28_g926/CO -       B0->CO R     HS65_GS_HA1X4        1  5.2    32    52    1103 
  Counter_Burst_Transfer_add_69_28_g925/CO -       B0->CO R     HS65_GS_HA1X4        1  5.2    32    52    1155 
  Counter_Burst_Transfer_add_69_28_g924/CO -       B0->CO R     HS65_GS_HA1X4        1  5.2    32    52    1206 
  Counter_Burst_Transfer_add_69_28_g923/CO -       B0->CO R     HS65_GS_HA1X4        1  5.2    32    52    1258 
  Counter_Burst_Transfer_add_69_28_g922/CO -       B0->CO R     HS65_GS_HA1X4        1  5.2    32    52    1309 
  Counter_Burst_Transfer_add_69_28_g921/CO -       B0->CO R     HS65_GS_HA1X4        1  5.2    32    52    1361 
  Counter_Burst_Transfer_add_69_28_g920/CO -       B0->CO R     HS65_GS_HA1X4        1  5.2    32    52    1413 
  Counter_Burst_Transfer_add_69_28_g919/CO -       B0->CO R     HS65_GS_HA1X4        1  5.2    32    52    1464 
  Counter_Burst_Transfer_add_69_28_g918/CO -       B0->CO R     HS65_GS_HA1X4        1  7.2    40    56    1521 
  Counter_Burst_Transfer_add_69_28_g917/Z  -       B->Z   F     HS65_GSS_XOR2X6      1  5.0    25    52    1572 
  g2408/Z                                  -       B->Z   F     HS65_GS_AO212X4      1  5.0    30    80    1652 
  Counter_Burst_Transfer_ADR_REG_reg[31]/D <<<     -      F     HS65_GS_DFPRQX9      1    -     -     0    1652 
#---------------------------------------------------------------------------------------------------------------

