============================================================
  Generated by:           Genus(TM) Synthesis Solution 16.10-p006_1
  Generated on:           Nov 28 2017  01:05:00 am
  Module:                 PIF2WB
  Interconnect mode:      global
  Area mode:              physical library
============================================================

                                       
       Gate        Instances    Area       Library    
------------------------------------------------------
HS65_GSS_DFPRQX18          3    35.880    CORE65GPSVT 
HS65_GSS_XNOR2X6           3    12.480    CORE65GPSVT 
HS65_GSS_XOR2X3            1     4.160    CORE65GPSVT 
HS65_GSS_XOR2X6            4    16.640    CORE65GPSVT 
HS65_GS_AND2ABX9           1     3.640    CORE65GPSVT 
HS65_GS_AND2X4             5    13.000    CORE65GPSVT 
HS65_GS_AND3ABCX9          1     4.680    CORE65GPSVT 
HS65_GS_AO212X4            2     9.360    CORE65GPSVT 
HS65_GS_AO222X4           28   160.160    CORE65GPSVT 
HS65_GS_AO22X9             4    16.640    CORE65GPSVT 
HS65_GS_AOI212X4           1     4.160    CORE65GPSVT 
HS65_GS_AOI21X2            2     5.200    CORE65GPSVT 
HS65_GS_AOI312X4           1     5.200    CORE65GPSVT 
HS65_GS_AOI32X5            1     4.160    CORE65GPSVT 
HS65_GS_BFX27              1     3.640    CORE65GPSVT 
HS65_GS_BTHX10            64   332.800    CORE65GPSVT 
HS65_GS_DFPRQX9           37   384.800    CORE65GPSVT 
HS65_GS_HA1X4             30   156.000    CORE65GPSVT 
HS65_GS_IVX2               1     1.560    CORE65GPSVT 
HS65_GS_IVX7               2     3.120    CORE65GPSVT 
HS65_GS_IVX9              13    20.280    CORE65GPSVT 
HS65_GS_LDHQX9             3    20.280    CORE65GPSVT 
HS65_GS_MUX21I1X3          1     4.160    CORE65GPSVT 
HS65_GS_MUX21X4            1     4.160    CORE65GPSVT 
HS65_GS_MUXI21X2           3    10.920    CORE65GPSVT 
HS65_GS_NAND2AX4           1     3.120    CORE65GPSVT 
HS65_GS_NAND2AX7           1     3.120    CORE65GPSVT 
HS65_GS_NAND2X2            1     2.080    CORE65GPSVT 
HS65_GS_NAND2X7            4     8.320    CORE65GPSVT 
HS65_GS_NAND3X5            1     2.600    CORE65GPSVT 
HS65_GS_NAND4ABX3          2     7.280    CORE65GPSVT 
HS65_GS_NAND4ABX6          1     4.160    CORE65GPSVT 
HS65_GS_NOR2AX3            7    18.200    CORE65GPSVT 
HS65_GS_NOR2X13            1     3.640    CORE65GPSVT 
HS65_GS_NOR2X2             2     4.160    CORE65GPSVT 
HS65_GS_NOR2X6             7    14.560    CORE65GPSVT 
HS65_GS_NOR3AX2            1     3.120    CORE65GPSVT 
HS65_GS_NOR3X1             1     2.600    CORE65GPSVT 
HS65_GS_OR2X4              2     6.240    CORE65GPSVT 
HS65_GS_OR2X9              1     3.120    CORE65GPSVT 
HS65_GS_SDFPRQX9           7    87.360    CORE65GPSVT 
------------------------------------------------------
total                    253  1410.760                


                                         
     Type      Instances   Area   Area % 
-----------------------------------------
sequential            50  528.320   37.4 
inverter              16   24.960    1.8 
buffer                 1    3.640    0.3 
tristate              64  332.800   23.6 
logic                122  521.040   36.9 
physical_cells         0    0.000    0.0 
-----------------------------------------
total                253 1410.760  100.0 

