###############################################################
#  Generated by:      Cadence Innovus 16.10-p004_1
#  OS:                Linux x86_64(Host ID kriti)
#  Generated on:      Wed Jun 21 18:25:44 2017
#  Design:            TF
#  Command:           check_design -all
###############################################################
Design: TF

------ Design Summary:
Total Standard Cell Number   (cells) : 9
Total Block Cell Number      (cells) : 0
Total I/O Pad Cell Number    (cells) : 0
Total Standard Cell Area     ( um^2) : 17.68
Total Block Cell Area        ( um^2) : 0.00
Total I/O Pad Cell Area      ( um^2) : 0.00

------ Design Statistics:

Number of Instances            : 9
Number of Non-uniquified Insts : 7
Number of Nets                 : 17
Average number of Pins per Net : 1.18
Maximum number of Pins in Net  : 2

------ I/O Port summary

Number of Primary I/O Ports    : 5
Number of Input Ports          : 4
Number of Output Ports         : 1
Number of Bidirectional Ports  : 0
Number of Power/Ground Ports   : 0



------------------------------------------------------------
Detail report:


------ I/O Pad/Port Checking


