###############################################################
#  Generated by:      Cadence Innovus 16.10-p004_1
#  OS:                Linux x86_64(Host ID kriti)
#  Generated on:      Tue Nov 28 12:35:27 2017
#  Design:            PIF2WB
#  Command:           report_timing -late > /home/vlsi2_g05/VLSI2/pif2wb/src/PIF2WB.pos_physical/post_cts_opt_late.rpt
###############################################################
Path 1: MET (3.735 ns) Setup Check with Pin Counter_Burst_Transfer_ADR_REG_reg[31]/CP->D 
             View: view_NOMINAL
            Group: CLK
       Startpoint: (R) Counter_Burst_Transfer_ADR_REG_reg[2]/CP
            Clock: (R) CLK
         Endpoint: (R) Counter_Burst_Transfer_ADR_REG_reg[31]/D
            Clock: (R) CLK
 
                           Capture             Launch
       Clock Edge:+          5.200              0.000
      Src Latency:+          0.000             -0.004
      Net Latency:+          0.004 (P)          0.004 (P)
          Arrival:=          5.204              0.000
 
            Setup:-          0.054
    Required Time:=          5.150
     Launch Clock:-          0.000
        Data Path:-          1.414
            Slack:=          3.735

#-------------------------------------------------------------------------------------------------------------------------
# Timing Point                                        Flags  Arc     Edge  Cell             Fanout  Trans   Delay  Arrival  
#                                                                                                    (ns)    (ns)     (ns)  
#-------------------------------------------------------------------------------------------------------------------------
  Counter_Burst_Transfer_ADR_REG_reg[2]/CP            -      CP      R     (arrival)            47  0.008       -    0.000  
  Counter_Burst_Transfer_ADR_REG_reg[2]/Q             -      CP->Q   R     HS65_GS_DFPRQX9       4      -   0.073    0.073  
  Counter_Burst_Transfer_add_69_28_g945_730256179/CO  -      B0->CO  R     HS65_GS_HA1X4         1  0.042   0.050    0.124  
  Counter_Burst_Transfer_add_69_28_g944_730256179/CO  -      B0->CO  R     HS65_GS_HA1X4         1  0.023   0.043    0.167  
  Counter_Burst_Transfer_add_69_28_g943_730256179/CO  -      B0->CO  R     HS65_GS_HA1X4         1  0.022   0.041    0.207  
  Counter_Burst_Transfer_add_69_28_g942_730256179/CO  -      B0->CO  R     HS65_GS_HA1X4         1  0.019   0.040    0.247  
  Counter_Burst_Transfer_add_69_28_g941_730256179/CO  -      B0->CO  R     HS65_GS_HA1X4         1  0.020   0.040    0.287  
  Counter_Burst_Transfer_add_69_28_g940_730256179/CO  -      B0->CO  R     HS65_GS_HA1X4         1  0.019   0.039    0.326  
  Counter_Burst_Transfer_add_69_28_g939_730256179/CO  -      B0->CO  R     HS65_GS_HA1X4         1  0.019   0.046    0.372  
  Counter_Burst_Transfer_add_69_28_g938_730256179/CO  -      B0->CO  R     HS65_GS_HA1X4         1  0.029   0.045    0.417  
  Counter_Burst_Transfer_add_69_28_g937_730256179/CO  -      B0->CO  R     HS65_GS_HA1X4         1  0.022   0.044    0.461  
  Counter_Burst_Transfer_add_69_28_g936_730256179/CO  -      B0->CO  R     HS65_GS_HA1X4         1  0.024   0.043    0.504  
  Counter_Burst_Transfer_add_69_28_g935_730256179/CO  -      B0->CO  R     HS65_GS_HA1X4         1  0.021   0.041    0.545  
  Counter_Burst_Transfer_add_69_28_g934_730256179/CO  -      B0->CO  R     HS65_GS_HA1X4         1  0.021   0.045    0.590  
  Counter_Burst_Transfer_add_69_28_g933_730256179/CO  -      B0->CO  R     HS65_GS_HA1X4         1  0.026   0.043    0.633  
  Counter_Burst_Transfer_add_69_28_g932_730256179/CO  -      B0->CO  R     HS65_GS_HA1X4         1  0.020   0.043    0.676  
  Counter_Burst_Transfer_add_69_28_g931_730256179/CO  -      B0->CO  R     HS65_GS_HA1X4         1  0.023   0.041    0.717  
  Counter_Burst_Transfer_add_69_28_g930_730256179/CO  -      B0->CO  R     HS65_GS_HA1X4         1  0.019   0.045    0.761  
  Counter_Burst_Transfer_add_69_28_g929_730256179/CO  -      B0->CO  R     HS65_GS_HA1X4         1  0.027   0.049    0.810  
  Counter_Burst_Transfer_add_69_28_g928_730256179/CO  -      B0->CO  R     HS65_GS_HA1X4         1  0.029   0.047    0.858  
  Counter_Burst_Transfer_add_69_28_g927_730256179/CO  -      B0->CO  R     HS65_GS_HA1X4         1  0.026   0.044    0.902  
  Counter_Burst_Transfer_add_69_28_g926_730256179/CO  -      B0->CO  R     HS65_GS_HA1X4         1  0.022   0.045    0.946  
  Counter_Burst_Transfer_add_69_28_g925_730256179/CO  -      B0->CO  R     HS65_GS_HA1X4         1  0.025   0.047    0.994  
  Counter_Burst_Transfer_add_69_28_g924_730256179/CO  -      B0->CO  R     HS65_GS_HA1X4         1  0.027   0.050    1.043  
  Counter_Burst_Transfer_add_69_28_g923_730256179/CO  -      B0->CO  R     HS65_GS_HA1X4         1  0.030   0.047    1.090  
  Counter_Burst_Transfer_add_69_28_g922_730256179/CO  -      B0->CO  R     HS65_GS_HA1X4         1  0.024   0.043    1.133  
  Counter_Burst_Transfer_add_69_28_g921_730256179/CO  -      B0->CO  R     HS65_GS_HA1X4         1  0.022   0.043    1.176  
  Counter_Burst_Transfer_add_69_28_g920_730256179/CO  -      B0->CO  R     HS65_GS_HA1X4         1  0.023   0.045    1.221  
  Counter_Burst_Transfer_add_69_28_g919_730256179/CO  -      B0->CO  R     HS65_GS_HA1X4         1  0.025   0.044    1.265  
  Counter_Burst_Transfer_add_69_28_g918_730256179/CO  -      B0->CO  R     HS65_GS_HA1X4         1  0.023   0.049    1.315  
  Counter_Burst_Transfer_add_69_28_g917_730256179/Z   -      B->Z    R     HS65_GSS_XOR2X6       1  0.032   0.045    1.359  
  g2408_730256179/Z                                   -      B->Z    R     HS65_GS_AO212X4       1  0.040   0.055    1.415  
  Counter_Burst_Transfer_ADR_REG_reg[31]/D            -      D       R     HS65_GS_DFPRQX9       1  0.026   0.000    1.415  
#-------------------------------------------------------------------------------------------------------------------------

