###############################################################
#  Generated by:      Cadence Innovus 16.10-p004_1
#  OS:                Linux x86_64(Host ID kriti)
#  Generated on:      Tue Nov 28 12:35:53 2017
#  Design:            PIF2WB
#  Command:           report_timing -late > /home/vlsi2_g05/VLSI2/pif2wb/src/PIF2WB.pos_physical/post_route_opt_late.rpt
###############################################################
Path 1: MET (3.728 ns) Setup Check with Pin Counter_Burst_Transfer_ADR_REG_reg[31]/CP->D 
             View: view_NOMINAL
            Group: CLK
       Startpoint: (R) Counter_Burst_Transfer_ADR_REG_reg[2]/CP
            Clock: (R) CLK
         Endpoint: (R) Counter_Burst_Transfer_ADR_REG_reg[31]/D
            Clock: (R) CLK
 
                           Capture             Launch
       Clock Edge:+          5.200              0.000
      Src Latency:+          0.000             -0.004
      Net Latency:+          0.004 (P)          0.004 (P)
          Arrival:=          5.204              0.000
 
            Setup:-          0.053
    Required Time:=          5.151
     Launch Clock:-          0.000
        Data Path:-          1.422
            Slack:=          3.728

#-------------------------------------------------------------------------------------------------------------------------
# Timing Point                                        Flags  Arc     Edge  Cell             Fanout  Trans   Delay  Arrival  
#                                                                                                    (ns)    (ns)     (ns)  
#-------------------------------------------------------------------------------------------------------------------------
  Counter_Burst_Transfer_ADR_REG_reg[2]/CP            -      CP      R     (arrival)            47  0.008       -    0.000  
  Counter_Burst_Transfer_ADR_REG_reg[2]/Q             -      CP->Q   R     HS65_GS_DFPRQX9       4      -   0.073    0.073  
  Counter_Burst_Transfer_add_69_28_g945_730256179/CO  -      B0->CO  R     HS65_GS_HA1X4         1  0.038   0.047    0.121  
  Counter_Burst_Transfer_add_69_28_g944_730256179/CO  -      B0->CO  R     HS65_GS_HA1X4         1  0.021   0.042    0.162  
  Counter_Burst_Transfer_add_69_28_g943_730256179/CO  -      B0->CO  R     HS65_GS_HA1X4         1  0.021   0.040    0.202  
  Counter_Burst_Transfer_add_69_28_g942_730256179/CO  -      B0->CO  R     HS65_GS_HA1X4         1  0.019   0.040    0.243  
  Counter_Burst_Transfer_add_69_28_g941_730256179/CO  -      B0->CO  R     HS65_GS_HA1X4         1  0.020   0.040    0.283  
  Counter_Burst_Transfer_add_69_28_g940_730256179/CO  -      B0->CO  R     HS65_GS_HA1X4         1  0.019   0.040    0.323  
  Counter_Burst_Transfer_add_69_28_g939_730256179/CO  -      B0->CO  R     HS65_GS_HA1X4         1  0.020   0.045    0.367  
  Counter_Burst_Transfer_add_69_28_g938_730256179/CO  -      B0->CO  R     HS65_GS_HA1X4         1  0.026   0.044    0.411  
  Counter_Burst_Transfer_add_69_28_g937_730256179/CO  -      B0->CO  R     HS65_GS_HA1X4         1  0.021   0.044    0.455  
  Counter_Burst_Transfer_add_69_28_g936_730256179/CO  -      B0->CO  R     HS65_GS_HA1X4         1  0.024   0.042    0.497  
  Counter_Burst_Transfer_add_69_28_g935_730256179/CO  -      B0->CO  R     HS65_GS_HA1X4         1  0.020   0.040    0.537  
  Counter_Burst_Transfer_add_69_28_g934_730256179/CO  -      B0->CO  R     HS65_GS_HA1X4         1  0.020   0.044    0.581  
  Counter_Burst_Transfer_add_69_28_g933_730256179/CO  -      B0->CO  R     HS65_GS_HA1X4         1  0.025   0.042    0.624  
  Counter_Burst_Transfer_add_69_28_g932_730256179/CO  -      B0->CO  R     HS65_GS_HA1X4         1  0.020   0.043    0.667  
  Counter_Burst_Transfer_add_69_28_g931_730256179/CO  -      B0->CO  R     HS65_GS_HA1X4         1  0.024   0.042    0.709  
  Counter_Burst_Transfer_add_69_28_g930_730256179/CO  -      B0->CO  R     HS65_GS_HA1X4         1  0.020   0.044    0.752  
  Counter_Burst_Transfer_add_69_28_g929_730256179/CO  -      B0->CO  R     HS65_GS_HA1X4         1  0.025   0.051    0.804  
  Counter_Burst_Transfer_add_69_28_g928_730256179/CO  -      B0->CO  R     HS65_GS_HA1X4         1  0.031   0.050    0.854  
  Counter_Burst_Transfer_add_69_28_g927_730256179/CO  -      B0->CO  R     HS65_GS_HA1X4         1  0.028   0.045    0.898  
  Counter_Burst_Transfer_add_69_28_g926_730256179/CO  -      B0->CO  R     HS65_GS_HA1X4         1  0.022   0.045    0.944  
  Counter_Burst_Transfer_add_69_28_g925_730256179/CO  -      B0->CO  R     HS65_GS_HA1X4         1  0.026   0.048    0.992  
  Counter_Burst_Transfer_add_69_28_g924_730256179/CO  -      B0->CO  R     HS65_GS_HA1X4         1  0.028   0.059    1.051  
  Counter_Burst_Transfer_add_69_28_g923_730256179/CO  -      B0->CO  R     HS65_GS_HA1X4         1  0.031   0.047    1.098  
  Counter_Burst_Transfer_add_69_28_g922_730256179/CO  -      B0->CO  R     HS65_GS_HA1X4         1  0.024   0.044    1.142  
  Counter_Burst_Transfer_add_69_28_g921_730256179/CO  -      B0->CO  R     HS65_GS_HA1X4         1  0.023   0.042    1.184  
  Counter_Burst_Transfer_add_69_28_g920_730256179/CO  -      B0->CO  R     HS65_GS_HA1X4         1  0.021   0.043    1.227  
  Counter_Burst_Transfer_add_69_28_g919_730256179/CO  -      B0->CO  R     HS65_GS_HA1X4         1  0.024   0.045    1.272  
  Counter_Burst_Transfer_add_69_28_g918_730256179/CO  -      B0->CO  R     HS65_GS_HA1X4         1  0.025   0.052    1.324  
  Counter_Burst_Transfer_add_69_28_g917_730256179/Z   -      B->Z    R     HS65_GSS_XOR2X6       1  0.032   0.045    1.369  
  g2408_730256179/Z                                   -      B->Z    R     HS65_GS_AO212X4       1  0.039   0.054    1.423  
  Counter_Burst_Transfer_ADR_REG_reg[31]/D            -      D       R     HS65_GS_DFPRQX9       1  0.025   0.000    1.423  
#-------------------------------------------------------------------------------------------------------------------------

