###############################################################
#  Generated by:      Cadence Innovus 16.10-p004_1
#  OS:                Linux x86_64(Host ID kriti)
#  Generated on:      Tue Nov 28 12:35:35 2017
#  Design:            PIF2WB
#  Command:           report_timing -late > /home/vlsi2_g05/VLSI2/pif2wb/src/PIF2WB.pos_physical/post_route_late.rpt
###############################################################
Path 1: MET (3.758 ns) Setup Check with Pin Counter_Burst_Transfer_ADR_REG_reg[31]/CP->D 
             View: view_NOMINAL
            Group: CLK
       Startpoint: (R) Counter_Burst_Transfer_ADR_REG_reg[2]/CP
            Clock: (R) CLK
         Endpoint: (R) Counter_Burst_Transfer_ADR_REG_reg[31]/D
            Clock: (R) CLK
 
                           Capture             Launch
       Clock Edge:+          5.200              0.000
      Src Latency:+          0.000             -0.004
      Net Latency:+          0.000 (I)          0.000 (I)
          Arrival:=          5.200             -0.004
 
            Setup:-          0.056
    Required Time:=          5.144
     Launch Clock:-         -0.004
        Data Path:-          1.390
            Slack:=          3.758

#-------------------------------------------------------------------------------------------------------------------------
# Timing Point                                        Flags  Arc     Edge  Cell             Fanout  Trans   Delay  Arrival  
#                                                                                                    (ns)    (ns)     (ns)  
#-------------------------------------------------------------------------------------------------------------------------
  Counter_Burst_Transfer_ADR_REG_reg[2]/CP            -      CP      R     (arrival)            47  0.000       -   -0.004  
  Counter_Burst_Transfer_ADR_REG_reg[2]/Q             -      CP->Q   R     HS65_GS_DFPRQX9       4      -   0.071    0.067  
  Counter_Burst_Transfer_add_69_28_g945_730256179/CO  -      B0->CO  R     HS65_GS_HA1X4         1  0.041   0.048    0.116  
  Counter_Burst_Transfer_add_69_28_g944_730256179/CO  -      B0->CO  R     HS65_GS_HA1X4         1  0.020   0.041    0.157  
  Counter_Burst_Transfer_add_69_28_g943_730256179/CO  -      B0->CO  R     HS65_GS_HA1X4         1  0.021   0.040    0.196  
  Counter_Burst_Transfer_add_69_28_g942_730256179/CO  -      B0->CO  R     HS65_GS_HA1X4         1  0.019   0.040    0.236  
  Counter_Burst_Transfer_add_69_28_g941_730256179/CO  -      B0->CO  R     HS65_GS_HA1X4         1  0.020   0.040    0.276  
  Counter_Burst_Transfer_add_69_28_g940_730256179/CO  -      B0->CO  R     HS65_GS_HA1X4         1  0.019   0.040    0.316  
  Counter_Burst_Transfer_add_69_28_g939_730256179/CO  -      B0->CO  R     HS65_GS_HA1X4         1  0.020   0.045    0.361  
  Counter_Burst_Transfer_add_69_28_g938_730256179/CO  -      B0->CO  R     HS65_GS_HA1X4         1  0.027   0.044    0.404  
  Counter_Burst_Transfer_add_69_28_g937_730256179/CO  -      B0->CO  R     HS65_GS_HA1X4         1  0.021   0.044    0.448  
  Counter_Burst_Transfer_add_69_28_g936_730256179/CO  -      B0->CO  R     HS65_GS_HA1X4         1  0.024   0.042    0.490  
  Counter_Burst_Transfer_add_69_28_g935_730256179/CO  -      B0->CO  R     HS65_GS_HA1X4         1  0.020   0.040    0.530  
  Counter_Burst_Transfer_add_69_28_g934_730256179/CO  -      B0->CO  R     HS65_GS_HA1X4         1  0.020   0.044    0.574  
  Counter_Burst_Transfer_add_69_28_g933_730256179/CO  -      B0->CO  R     HS65_GS_HA1X4         1  0.026   0.042    0.616  
  Counter_Burst_Transfer_add_69_28_g932_730256179/CO  -      B0->CO  R     HS65_GS_HA1X4         1  0.019   0.042    0.658  
  Counter_Burst_Transfer_add_69_28_g931_730256179/CO  -      B0->CO  R     HS65_GS_HA1X4         1  0.022   0.041    0.699  
  Counter_Burst_Transfer_add_69_28_g930_730256179/CO  -      B0->CO  R     HS65_GS_HA1X4         1  0.020   0.044    0.743  
  Counter_Burst_Transfer_add_69_28_g929_730256179/CO  -      B0->CO  R     HS65_GS_HA1X4         1  0.026   0.049    0.791  
  Counter_Burst_Transfer_add_69_28_g928_730256179/CO  -      B0->CO  R     HS65_GS_HA1X4         1  0.029   0.048    0.839  
  Counter_Burst_Transfer_add_69_28_g927_730256179/CO  -      B0->CO  R     HS65_GS_HA1X4         1  0.025   0.043    0.882  
  Counter_Burst_Transfer_add_69_28_g926_730256179/CO  -      B0->CO  R     HS65_GS_HA1X4         1  0.021   0.044    0.926  
  Counter_Burst_Transfer_add_69_28_g925_730256179/CO  -      B0->CO  R     HS65_GS_HA1X4         1  0.025   0.047    0.973  
  Counter_Burst_Transfer_add_69_28_g924_730256179/CO  -      B0->CO  R     HS65_GS_HA1X4         1  0.028   0.050    1.023  
  Counter_Burst_Transfer_add_69_28_g923_730256179/CO  -      B0->CO  R     HS65_GS_HA1X4         1  0.030   0.046    1.069  
  Counter_Burst_Transfer_add_69_28_g922_730256179/CO  -      B0->CO  R     HS65_GS_HA1X4         1  0.023   0.042    1.111  
  Counter_Burst_Transfer_add_69_28_g921_730256179/CO  -      B0->CO  R     HS65_GS_HA1X4         1  0.021   0.041    1.153  
  Counter_Burst_Transfer_add_69_28_g920_730256179/CO  -      B0->CO  R     HS65_GS_HA1X4         1  0.021   0.043    1.196  
  Counter_Burst_Transfer_add_69_28_g919_730256179/CO  -      B0->CO  R     HS65_GS_HA1X4         1  0.024   0.044    1.240  
  Counter_Burst_Transfer_add_69_28_g918_730256179/CO  -      B0->CO  R     HS65_GS_HA1X4         1  0.023   0.049    1.289  
  Counter_Burst_Transfer_add_69_28_g917_730256179/Z   -      B->Z    R     HS65_GSS_XOR2X6       1  0.032   0.044    1.332  
  g2408_730256179/Z                                   -      B->Z    R     HS65_GS_AO212X4       1  0.038   0.054    1.386  
  Counter_Burst_Transfer_ADR_REG_reg[31]/D            -      D       R     HS65_GS_DFPRQX9       1  0.025   0.000    1.386  
#-------------------------------------------------------------------------------------------------------------------------

