###############################################################
#  Generated by:      Cadence Innovus 16.10-p004_1
#  OS:                Linux x86_64(Host ID kriti)
#  Generated on:      Tue Nov 28 12:36:09 2017
#  Design:            PIF2WB
#  Command:           report_timing -late > /home/vlsi2_g05/VLSI2/pif2wb/src/PIF2WB.pos_physical/timing_late.rpt
###############################################################
Path 1: MET (3.727 ns) Setup Check with Pin Counter_Burst_Transfer_ADR_REG_reg[31]/CP->D 
             View: view_NOMINAL
            Group: CLK
       Startpoint: (R) Counter_Burst_Transfer_ADR_REG_reg[2]/CP
            Clock: (R) CLK
         Endpoint: (R) Counter_Burst_Transfer_ADR_REG_reg[31]/D
            Clock: (R) CLK
 
                           Capture             Launch
       Clock Edge:+          5.200              0.000
      Src Latency:+          0.000             -0.004
      Net Latency:+          0.000 (I)          0.000 (I)
          Arrival:=          5.200             -0.004
 
            Setup:-          0.056
    Required Time:=          5.144
     Launch Clock:-         -0.004
        Data Path:-          1.421
            Slack:=          3.727

#-------------------------------------------------------------------------------------------------------------------------
# Timing Point                                        Flags  Arc     Edge  Cell             Fanout  Trans   Delay  Arrival  
#                                                                                                    (ns)    (ns)     (ns)  
#-------------------------------------------------------------------------------------------------------------------------
  Counter_Burst_Transfer_ADR_REG_reg[2]/CP            -      CP      R     (arrival)            47  0.000       -   -0.004  
  Counter_Burst_Transfer_ADR_REG_reg[2]/Q             -      CP->Q   R     HS65_GS_DFPRQX9       4      -   0.071    0.068  
  Counter_Burst_Transfer_add_69_28_g945_730256179/CO  -      B0->CO  R     HS65_GS_HA1X4         1  0.038   0.047    0.115  
  Counter_Burst_Transfer_add_69_28_g944_730256179/CO  -      B0->CO  R     HS65_GS_HA1X4         1  0.021   0.041    0.157  
  Counter_Burst_Transfer_add_69_28_g943_730256179/CO  -      B0->CO  R     HS65_GS_HA1X4         1  0.021   0.040    0.197  
  Counter_Burst_Transfer_add_69_28_g942_730256179/CO  -      B0->CO  R     HS65_GS_HA1X4         1  0.019   0.040    0.237  
  Counter_Burst_Transfer_add_69_28_g941_730256179/CO  -      B0->CO  R     HS65_GS_HA1X4         1  0.020   0.040    0.277  
  Counter_Burst_Transfer_add_69_28_g940_730256179/CO  -      B0->CO  R     HS65_GS_HA1X4         1  0.019   0.040    0.317  
  Counter_Burst_Transfer_add_69_28_g939_730256179/CO  -      B0->CO  R     HS65_GS_HA1X4         1  0.020   0.045    0.362  
  Counter_Burst_Transfer_add_69_28_g938_730256179/CO  -      B0->CO  R     HS65_GS_HA1X4         1  0.026   0.044    0.406  
  Counter_Burst_Transfer_add_69_28_g937_730256179/CO  -      B0->CO  R     HS65_GS_HA1X4         1  0.021   0.044    0.449  
  Counter_Burst_Transfer_add_69_28_g936_730256179/CO  -      B0->CO  R     HS65_GS_HA1X4         1  0.024   0.042    0.491  
  Counter_Burst_Transfer_add_69_28_g935_730256179/CO  -      B0->CO  R     HS65_GS_HA1X4         1  0.020   0.040    0.532  
  Counter_Burst_Transfer_add_69_28_g934_730256179/CO  -      B0->CO  R     HS65_GS_HA1X4         1  0.020   0.044    0.576  
  Counter_Burst_Transfer_add_69_28_g933_730256179/CO  -      B0->CO  R     HS65_GS_HA1X4         1  0.025   0.042    0.618  
  Counter_Burst_Transfer_add_69_28_g932_730256179/CO  -      B0->CO  R     HS65_GS_HA1X4         1  0.020   0.043    0.661  
  Counter_Burst_Transfer_add_69_28_g931_730256179/CO  -      B0->CO  R     HS65_GS_HA1X4         1  0.024   0.042    0.703  
  Counter_Burst_Transfer_add_69_28_g930_730256179/CO  -      B0->CO  R     HS65_GS_HA1X4         1  0.020   0.044    0.747  
  Counter_Burst_Transfer_add_69_28_g929_730256179/CO  -      B0->CO  R     HS65_GS_HA1X4         1  0.025   0.051    0.798  
  Counter_Burst_Transfer_add_69_28_g928_730256179/CO  -      B0->CO  R     HS65_GS_HA1X4         1  0.031   0.050    0.848  
  Counter_Burst_Transfer_add_69_28_g927_730256179/CO  -      B0->CO  R     HS65_GS_HA1X4         1  0.028   0.045    0.893  
  Counter_Burst_Transfer_add_69_28_g926_730256179/CO  -      B0->CO  R     HS65_GS_HA1X4         1  0.022   0.045    0.938  
  Counter_Burst_Transfer_add_69_28_g925_730256179/CO  -      B0->CO  R     HS65_GS_HA1X4         1  0.026   0.048    0.986  
  Counter_Burst_Transfer_add_69_28_g924_730256179/CO  -      B0->CO  R     HS65_GS_HA1X4         1  0.028   0.059    1.045  
  Counter_Burst_Transfer_add_69_28_g923_730256179/CO  -      B0->CO  R     HS65_GS_HA1X4         1  0.031   0.047    1.092  
  Counter_Burst_Transfer_add_69_28_g922_730256179/CO  -      B0->CO  R     HS65_GS_HA1X4         1  0.024   0.044    1.136  
  Counter_Burst_Transfer_add_69_28_g921_730256179/CO  -      B0->CO  R     HS65_GS_HA1X4         1  0.023   0.042    1.178  
  Counter_Burst_Transfer_add_69_28_g920_730256179/CO  -      B0->CO  R     HS65_GS_HA1X4         1  0.021   0.043    1.222  
  Counter_Burst_Transfer_add_69_28_g919_730256179/CO  -      B0->CO  R     HS65_GS_HA1X4         1  0.024   0.045    1.267  
  Counter_Burst_Transfer_add_69_28_g918_730256179/CO  -      B0->CO  R     HS65_GS_HA1X4         1  0.025   0.052    1.318  
  Counter_Burst_Transfer_add_69_28_g917_730256179/Z   -      B->Z    R     HS65_GSS_XOR2X6       1  0.032   0.045    1.363  
  g2408_730256179/Z                                   -      B->Z    R     HS65_GS_AO212X4       1  0.039   0.054    1.417  
  Counter_Burst_Transfer_ADR_REG_reg[31]/D            -      D       R     HS65_GS_DFPRQX9       1  0.025   0.000    1.417  
#-------------------------------------------------------------------------------------------------------------------------

